d:\program files\vs2015pro\workspace\project1\project1\debug\vc140.pdb
d:\program files\vs2015pro\workspace\project1\project1\debug\vc140.idb
d:\program files\vs2015pro\workspace\project1\project1\debug\chapter10.obj
d:\program files\vs2015pro\workspace\project1\project1\debug\chapter11.obj
d:\program files\vs2015pro\workspace\project1\project1\debug\chapter2.obj
d:\program files\vs2015pro\workspace\project1\project1\debug\chapter3.obj
d:\program files\vs2015pro\workspace\project1\project1\debug\chapter4.obj
d:\program files\vs2015pro\workspace\project1\project1\debug\chapter5.obj
d:\program files\vs2015pro\workspace\project1\project1\debug\chapter6.obj
d:\program files\vs2015pro\workspace\project1\project1\debug\chapter7.obj
d:\program files\vs2015pro\workspace\project1\project1\debug\chapter8.obj
d:\program files\vs2015pro\workspace\project1\project1\debug\chapter9.obj
d:\program files\vs2015pro\workspace\project1\project1\debug\main.obj
d:\program files\vs2015pro\workspace\project1\project1\debug\overridingambiguity.obj
d:\program files\vs2015pro\workspace\project1\debug\project1.pdb
d:\program files\vs2015pro\workspace\project1\project1\debug\project1.tlog\cl.command.1.tlog
d:\program files\vs2015pro\workspace\project1\project1\debug\project1.tlog\cl.read.1.tlog
d:\program files\vs2015pro\workspace\project1\project1\debug\project1.tlog\cl.write.1.tlog
d:\program files\vs2015pro\workspace\project1\project1\debug\project1.tlog\link-cvtres.read.1.tlog
d:\program files\vs2015pro\workspace\project1\project1\debug\project1.tlog\link-cvtres.write.1.tlog
d:\program files\vs2015pro\workspace\project1\project1\debug\project1.tlog\link-rc.read.1.tlog
d:\program files\vs2015pro\workspace\project1\project1\debug\project1.tlog\link-rc.write.1.tlog
d:\program files\vs2015pro\workspace\project1\project1\debug\project1.tlog\link.command.1.tlog
d:\program files\vs2015pro\workspace\project1\project1\debug\project1.tlog\link.read.1.tlog
d:\program files\vs2015pro\workspace\project1\project1\debug\project1.tlog\link.write.1.tlog
